<?xml version="1.0" encoding="UTF-8"?>
<testng-results skipped="0" failed="0" total="1" passed="1">
  <reporter-output>
  </reporter-output>
  <suite name="Default suite" duration-ms="144433" started-at="2017-02-27T11:26:22Z" finished-at="2017-02-27T11:28:46Z">
    <groups>
    </groups>
    <test name="Default test" duration-ms="144433" started-at="2017-02-27T11:26:22Z" finished-at="2017-02-27T11:28:46Z">
      <class name="cn.yifeiyun.dome1.demo1.suites.Regester">
        <test-method status="PASS" signature="login()[pri:0, instance:cn.yifeiyun.dome1.demo1.suites.Regester@55f3ddb1]" name="login" duration-ms="144410" started-at="2017-02-27T19:26:22Z" finished-at="2017-02-27T19:28:46Z">
          <reporter-output>
          </reporter-output>
        </test-method> <!-- login -->
      </class> <!-- cn.yifeiyun.dome1.demo1.suites.Regester -->
    </test> <!-- Default test -->
  </suite> <!-- Default suite -->
</testng-results>
